tar: include/WiiEspresso.hpp: time stamp 2026-04-20 17:32:14 is 1656 s in the future
tar: include/WiiCommon.hpp: time stamp 2026-04-20 17:32:14 is 1656 s in the future
tar: include: time stamp 2026-04-20 17:09:53 is 314 s in the future
tar: WiiGraphics/.DS_Store: time stamp 2026-04-20 20:55:42 is 13863 s in the future
tar: WiiGraphics/src/.DS_Store: time stamp 2026-04-20 20:55:42 is 13863 s in the future
tar: WiiGraphics/src/Cafe/WiiGX2UserClient.hpp: time stamp 2026-04-20 20:21:40 is 11821 s in the future
tar: WiiGraphics/src/Cafe/WiiGX2.cpp: time stamp 2026-04-20 19:15:43 is 7864 s in the future
tar: WiiGraphics/src/Cafe/WiiCafeFB.cpp: time stamp 2026-04-20 20:21:40 is 11821 s in the future
tar: WiiGraphics/src/Cafe/WiiGX2.hpp: time stamp 2026-04-20 17:32:14 is 1655 s in the future
tar: WiiPlatform/.DS_Store: time stamp 2026-04-20 19:42:27 is 9468 s in the future
tar: WiiPlatform/Makefile: time stamp 2026-04-20 17:32:14 is 1655 s in the future
tar: WiiPlatform/Info.tiger.plist: time stamp 2026-04-20 17:32:14 is 1655 s in the future
tar: WiiPlatform/src/.DS_Store: time stamp 2026-04-20 19:42:27 is 9468 s in the future
tar: WiiPlatform/src/Interrupts/WiiInterruptController.cpp: time stamp 2026-04-20 17:32:14 is 1655 s in the future
tar: WiiPlatform/src/Interrupts/WiiInterruptController.hpp: time stamp 2026-04-20 17:32:14 is 1655 s in the future
tar: WiiPlatform/src/Interrupts/HollywoodInterruptController.hpp: time stamp 2026-04-20 17:32:14 is 1655 s in the future
tar: WiiPlatform/src/Interrupts/LatteInterruptController.hpp: time stamp 2026-04-20 17:32:14 is 1655 s in the future
tar: WiiPlatform/src/PE/WiiCPU.cpp: time stamp 2026-04-20 21:44:39 is 16800 s in the future
tar: WiiPlatform: time stamp 2026-04-20 17:22:03 is 1044 s in the future
tar: WiiStorage/.DS_Store: time stamp 2026-04-20 20:55:42 is 13863 s in the future
tar: WiiStorage/src/.DS_Store: time stamp 2026-04-20 20:55:42 is 13863 s in the future
tar: WiiStorage/src/SDHC/WiiSDHC.hpp: time stamp 2026-04-20 20:13:28 is 11329 s in the future
tar: WiiStorage/src/SDHC/WiiSDHC_Card.cpp: time stamp 2026-04-20 20:13:28 is 11329 s in the future
tar: WiiStorage/src/SDHC/WiiSDHC.cpp: time stamp 2026-04-20 20:13:28 is 11329 s in the future
tar: WiiStorage/src/SDHC/WiiSDHC_Commands.cpp: time stamp 2026-04-20 20:13:28 is 11329 s in the future
tar: WiiStorage/src/SDHC/WiiSDHC_Private.cpp: time stamp 2026-04-20 20:13:28 is 11329 s in the future
tar: WiiStorage/src/BlockStorage/WiiSDBlockStorageDevice.cpp: time stamp 2026-04-20 20:13:28 is 11329 s in the future
tar: WiiUSB/.DS_Store: time stamp 2026-04-20 20:55:42 is 13863 s in the future
tar: WiiUSB/src/.DS_Store: time stamp 2026-04-20 20:55:42 is 13863 s in the future
tar: WiiUSB/src/OHCI/WiiOHCI.hpp: time stamp 2026-04-20 21:58:15 is 17616 s in the future
tar: WiiUSB/src/OHCI/WiiOHCI_Interrupts.cpp: time stamp 2026-04-20 21:44:23 is 16784 s in the future
tar: WiiUSB/src/OHCI/WiiOHCI_UIM.cpp: time stamp 2026-04-20 21:58:39 is 17640 s in the future
tar: WiiUSB/src/OHCI/WiiOHCI_RootHub.cpp: time stamp 2026-04-20 21:16:17 is 15098 s in the future
tar: WiiUSB/src/OHCI/WiiOHCI_Descriptors.cpp: time stamp 2026-04-20 21:58:23 is 17624 s in the future
tar: WiiUSB/src/OHCI/WiiOHCI.cpp: time stamp 2026-04-20 21:08:00 is 14601 s in the future
tar: WiiUSB/src/EHCI/WiiEHCI.cpp: time stamp 2026-04-20 21:44:27 is 16788 s in the future
tar: Makefile: time stamp 2026-04-20 17:32:14 is 1655 s in the future
make -C WiiAudio all && make -C WiiEXI all && make -C WiiGraphics all && make -C WiiPlatform all && make -C WiiStorage all && make -C WiiUSB all && true
/usr/bin/gcc -fno-builtin -fno-common -mlong-branch -finline -fno-keep-inline-functions -fmessage-length=0  -force_cpusubtype_ALL -static -nostdlib -r -D__KERNEL__ -DKERNEL -DDEBUG -Wall -mmacosx-version-min=10.4 -I/System/Library/Frameworks/Kernel.framework/Headers -I/Developer/SDKs/MacOSX10.4u.sdk/usr/include -I../include -Isrc -DKPI_10_4_0_PPC_COMPAT=1 -DWII_TIGER_SDK=1 -DWII_TIGER_IOINTERRUPT_API=1 -c build/WiiAudio-info.c -o build/build/WiiAudio-info.o
/usr/bin/g++ -fno-builtin -fno-common -mlong-branch -finline -fno-keep-inline-functions -fmessage-length=0  -force_cpusubtype_ALL -static -nostdlib -r -D__KERNEL__ -DKERNEL -DDEBUG -Wall -mmacosx-version-min=10.4 -I/System/Library/Frameworks/Kernel.framework/Headers -I/Developer/SDKs/MacOSX10.4u.sdk/usr/include -I../include -Isrc -DKPI_10_4_0_PPC_COMPAT=1 -DWII_TIGER_SDK=1 -DWII_TIGER_IOINTERRUPT_API=1 -x c++ -fapple-kext -fno-rtti -fno-exceptions -fcheck-new -c src/WiiAudioDevice.cpp -o build/src/WiiAudioDevice.o
/usr/bin/g++ -fno-builtin -fno-common -mlong-branch -finline -fno-keep-inline-functions -fmessage-length=0  -force_cpusubtype_ALL -static -nostdlib -r -D__KERNEL__ -DKERNEL -DDEBUG -Wall -mmacosx-version-min=10.4 -I/System/Library/Frameworks/Kernel.framework/Headers -I/Developer/SDKs/MacOSX10.4u.sdk/usr/include -I../include -Isrc -DKPI_10_4_0_PPC_COMPAT=1 -DWII_TIGER_SDK=1 -DWII_TIGER_IOINTERRUPT_API=1 -x c++ -fapple-kext -fno-rtti -fno-exceptions -fcheck-new -c src/WiiAudioDevice_Private.cpp -o build/src/WiiAudioDevice_Private.o
src/WiiAudioDevice_Private.cpp: In member function 'WiiAudioEngine* WiiAudioDevice::createAudioEngine(void*, IOByteCount, const char*)':
src/WiiAudioDevice_Private.cpp:128: warning: unused variable 'control'
/usr/bin/g++ -fno-builtin -fno-common -mlong-branch -finline -fno-keep-inline-functions -fmessage-length=0  -force_cpusubtype_ALL -static -nostdlib -r -D__KERNEL__ -DKERNEL -DDEBUG -Wall -mmacosx-version-min=10.4 -I/System/Library/Frameworks/Kernel.framework/Headers -I/Developer/SDKs/MacOSX10.4u.sdk/usr/include -I../include -Isrc -DKPI_10_4_0_PPC_COMPAT=1 -DWII_TIGER_SDK=1 -DWII_TIGER_IOINTERRUPT_API=1 -x c++ -fapple-kext -fno-rtti -fno-exceptions -fcheck-new -c src/WiiAudioEngine.cpp -o build/src/WiiAudioEngine.o
/usr/bin/g++ -fno-builtin -fno-common -mlong-branch -finline -fno-keep-inline-functions -fmessage-length=0  -force_cpusubtype_ALL -static -nostdlib -r -D__KERNEL__ -DKERNEL -DDEBUG -Wall -mmacosx-version-min=10.4 -I/System/Library/Frameworks/Kernel.framework/Headers -I/Developer/SDKs/MacOSX10.4u.sdk/usr/include -I../include -Isrc -DKPI_10_4_0_PPC_COMPAT=1 -DWII_TIGER_SDK=1 -DWII_TIGER_IOINTERRUPT_API=1 -x c++ -fapple-kext -fno-rtti -fno-exceptions -fcheck-new -c src/WiiAudioEngine_Clip.cpp -o build/src/WiiAudioEngine_Clip.o
/usr/bin/g++ -fno-builtin -fno-common -mlong-branch -finline -fno-keep-inline-functions -fmessage-length=0  -force_cpusubtype_ALL -static -nostdlib -r -D__KERNEL__ -DKERNEL -DDEBUG -Wall -mmacosx-version-min=10.4 -I/System/Library/Frameworks/Kernel.framework/Headers -I/Developer/SDKs/MacOSX10.4u.sdk/usr/include -I../include -Isrc -DKPI_10_4_0_PPC_COMPAT=1 -DWII_TIGER_SDK=1 -DWII_TIGER_IOINTERRUPT_API=1 -x c++ -fapple-kext -fno-rtti -fno-exceptions -fcheck-new -c src/WiiAudioEngine_Private.cpp -o build/src/WiiAudioEngine_Private.o
/usr/bin/gcc  build/build/WiiAudio-info.o build/src/WiiAudioDevice.o build/src/WiiAudioDevice_Private.o build/src/WiiAudioEngine.o build/src/WiiAudioEngine_Clip.o build/src/WiiAudioEngine_Private.o -fno-builtin -fno-common -mlong-branch -finline -fno-keep-inline-functions -fmessage-length=0  -force_cpusubtype_ALL -static -nostdlib -r -D__KERNEL__ -DKERNEL -DDEBUG -Wall -mmacosx-version-min=10.4 -I/System/Library/Frameworks/Kernel.framework/Headers -I/Developer/SDKs/MacOSX10.4u.sdk/usr/include -I../include -Isrc -DKPI_10_4_0_PPC_COMPAT=1 -DWII_TIGER_SDK=1 -DWII_TIGER_IOINTERRUPT_API=1 -o build/WiiAudio
/usr/bin/gcc -fno-builtin -fno-common -mlong-branch -finline -fno-keep-inline-functions -fmessage-length=0  -force_cpusubtype_ALL -static -nostdlib -r -D__KERNEL__ -DKERNEL -DDEBUG -Wall -mmacosx-version-min=10.4 -I/System/Library/Frameworks/Kernel.framework/Headers -I/Developer/SDKs/MacOSX10.4u.sdk/usr/include -I../include -Isrc -DKPI_10_4_0_PPC_COMPAT=1 -DWII_TIGER_SDK=1 -DWII_TIGER_IOINTERRUPT_API=1 -c build/WiiEXI-info.c -o build/build/WiiEXI-info.o
/usr/bin/g++ -fno-builtin -fno-common -mlong-branch -finline -fno-keep-inline-functions -fmessage-length=0  -force_cpusubtype_ALL -static -nostdlib -r -D__KERNEL__ -DKERNEL -DDEBUG -Wall -mmacosx-version-min=10.4 -I/System/Library/Frameworks/Kernel.framework/Headers -I/Developer/SDKs/MacOSX10.4u.sdk/usr/include -I../include -Isrc -DKPI_10_4_0_PPC_COMPAT=1 -DWII_TIGER_SDK=1 -DWII_TIGER_IOINTERRUPT_API=1 -x c++ -fapple-kext -fno-rtti -fno-exceptions -fcheck-new -c src/WiiEXI.cpp -o build/src/WiiEXI.o
/usr/bin/g++ -fno-builtin -fno-common -mlong-branch -finline -fno-keep-inline-functions -fmessage-length=0  -force_cpusubtype_ALL -static -nostdlib -r -D__KERNEL__ -DKERNEL -DDEBUG -Wall -mmacosx-version-min=10.4 -I/System/Library/Frameworks/Kernel.framework/Headers -I/Developer/SDKs/MacOSX10.4u.sdk/usr/include -I../include -Isrc -DKPI_10_4_0_PPC_COMPAT=1 -DWII_TIGER_SDK=1 -DWII_TIGER_IOINTERRUPT_API=1 -x c++ -fapple-kext -fno-rtti -fno-exceptions -fcheck-new -c src/WiiEXI_Private.cpp -o build/src/WiiEXI_Private.o
/usr/bin/gcc  build/build/WiiEXI-info.o build/src/WiiEXI.o build/src/WiiEXI_Private.o -fno-builtin -fno-common -mlong-branch -finline -fno-keep-inline-functions -fmessage-length=0  -force_cpusubtype_ALL -static -nostdlib -r -D__KERNEL__ -DKERNEL -DDEBUG -Wall -mmacosx-version-min=10.4 -I/System/Library/Frameworks/Kernel.framework/Headers -I/Developer/SDKs/MacOSX10.4u.sdk/usr/include -I../include -Isrc -DKPI_10_4_0_PPC_COMPAT=1 -DWII_TIGER_SDK=1 -DWII_TIGER_IOINTERRUPT_API=1 -o build/WiiEXI
/usr/bin/gcc -fno-builtin -fno-common -mlong-branch -finline -fno-keep-inline-functions -fmessage-length=0  -force_cpusubtype_ALL -static -nostdlib -r -D__KERNEL__ -DKERNEL -DDEBUG -Wall -mmacosx-version-min=10.4 -I/System/Library/Frameworks/Kernel.framework/Headers -I/Developer/SDKs/MacOSX10.4u.sdk/usr/include -I../include -Isrc/Cafe -Isrc/Flipper -DKPI_10_4_0_PPC_COMPAT=1 -DWII_TIGER_SDK=1 -DWII_TIGER_IOINTERRUPT_API=1 -c build/WiiGraphics-info.c -o build/build/WiiGraphics-info.o
/usr/bin/g++ -fno-builtin -fno-common -mlong-branch -finline -fno-keep-inline-functions -fmessage-length=0  -force_cpusubtype_ALL -static -nostdlib -r -D__KERNEL__ -DKERNEL -DDEBUG -Wall -mmacosx-version-min=10.4 -I/System/Library/Frameworks/Kernel.framework/Headers -I/Developer/SDKs/MacOSX10.4u.sdk/usr/include -I../include -Isrc/Cafe -Isrc/Flipper -DKPI_10_4_0_PPC_COMPAT=1 -DWII_TIGER_SDK=1 -DWII_TIGER_IOINTERRUPT_API=1 -x c++ -fapple-kext -fno-rtti -fno-exceptions -fcheck-new -c src/Cafe/WiiCafeFB.cpp -o build/src/Cafe/WiiCafeFB.o
/usr/bin/g++ -fno-builtin -fno-common -mlong-branch -finline -fno-keep-inline-functions -fmessage-length=0  -force_cpusubtype_ALL -static -nostdlib -r -D__KERNEL__ -DKERNEL -DDEBUG -Wall -mmacosx-version-min=10.4 -I/System/Library/Frameworks/Kernel.framework/Headers -I/Developer/SDKs/MacOSX10.4u.sdk/usr/include -I../include -Isrc/Cafe -Isrc/Flipper -DKPI_10_4_0_PPC_COMPAT=1 -DWII_TIGER_SDK=1 -DWII_TIGER_IOINTERRUPT_API=1 -x c++ -fapple-kext -fno-rtti -fno-exceptions -fcheck-new -c src/Cafe/WiiGX2.cpp -o build/src/Cafe/WiiGX2.o
/usr/bin/g++ -fno-builtin -fno-common -mlong-branch -finline -fno-keep-inline-functions -fmessage-length=0  -force_cpusubtype_ALL -static -nostdlib -r -D__KERNEL__ -DKERNEL -DDEBUG -Wall -mmacosx-version-min=10.4 -I/System/Library/Frameworks/Kernel.framework/Headers -I/Developer/SDKs/MacOSX10.4u.sdk/usr/include -I../include -Isrc/Cafe -Isrc/Flipper -DKPI_10_4_0_PPC_COMPAT=1 -DWII_TIGER_SDK=1 -DWII_TIGER_IOINTERRUPT_API=1 -x c++ -fapple-kext -fno-rtti -fno-exceptions -fcheck-new -c src/Cafe/WiiGX2UserClient.cpp -o build/src/Cafe/WiiGX2UserClient.o
/usr/bin/g++ -fno-builtin -fno-common -mlong-branch -finline -fno-keep-inline-functions -fmessage-length=0  -force_cpusubtype_ALL -static -nostdlib -r -D__KERNEL__ -DKERNEL -DDEBUG -Wall -mmacosx-version-min=10.4 -I/System/Library/Frameworks/Kernel.framework/Headers -I/Developer/SDKs/MacOSX10.4u.sdk/usr/include -I../include -Isrc/Cafe -Isrc/Flipper -DKPI_10_4_0_PPC_COMPAT=1 -DWII_TIGER_SDK=1 -DWII_TIGER_IOINTERRUPT_API=1 -x c++ -fapple-kext -fno-rtti -fno-exceptions -fcheck-new -c src/Flipper/WiiFlipperFB.cpp -o build/src/Flipper/WiiFlipperFB.o
src/Flipper/WiiFlipperFB.cpp: In member function 'virtual IOReturn WiiFlipperFB::getPixelInformation(IODisplayModeID, IOIndex, IOPixelAperture, IOPixelInformation*)':
src/Flipper/WiiFlipperFB.cpp:139: warning: unused variable 'videoBaseAddress'
src/Flipper/WiiFlipperFB.cpp:142: warning: unused variable 'videoDepth'
/usr/bin/gcc  build/build/WiiGraphics-info.o build/src/Cafe/WiiCafeFB.o build/src/Cafe/WiiGX2.o build/src/Cafe/WiiGX2UserClient.o build/src/Flipper/WiiFlipperFB.o -fno-builtin -fno-common -mlong-branch -finline -fno-keep-inline-functions -fmessage-length=0  -force_cpusubtype_ALL -static -nostdlib -r -D__KERNEL__ -DKERNEL -DDEBUG -Wall -mmacosx-version-min=10.4 -I/System/Library/Frameworks/Kernel.framework/Headers -I/Developer/SDKs/MacOSX10.4u.sdk/usr/include -I../include -Isrc/Cafe -Isrc/Flipper -DKPI_10_4_0_PPC_COMPAT=1 -DWII_TIGER_SDK=1 -DWII_TIGER_IOINTERRUPT_API=1 -o build/WiiGraphics
/usr/bin/gcc -fno-builtin -fno-common -mlong-branch -finline -fno-keep-inline-functions -fmessage-length=0  -force_cpusubtype_ALL -static -nostdlib -r -D__KERNEL__ -DKERNEL -DDEBUG -Wall -mmacosx-version-min=10.4 -I/System/Library/Frameworks/Kernel.framework/Headers -I/Developer/SDKs/MacOSX10.4u.sdk/usr/include -I../include -Isrc -Isrc/Interrupts -Isrc/IPC -Isrc/PE -DKPI_10_4_0_PPC_COMPAT=1 -DWII_TIGER_SDK=1 -DWII_TIGER_IOINTERRUPT_API=1 -c build/WiiPlatform-info.c -o build/build/WiiPlatform-info.o
/usr/bin/g++ -fno-builtin -fno-common -mlong-branch -finline -fno-keep-inline-functions -fmessage-length=0  -force_cpusubtype_ALL -static -nostdlib -r -D__KERNEL__ -DKERNEL -DDEBUG -Wall -mmacosx-version-min=10.4 -I/System/Library/Frameworks/Kernel.framework/Headers -I/Developer/SDKs/MacOSX10.4u.sdk/usr/include -I../include -Isrc -Isrc/Interrupts -Isrc/IPC -Isrc/PE -DKPI_10_4_0_PPC_COMPAT=1 -DWII_TIGER_SDK=1 -DWII_TIGER_IOINTERRUPT_API=1 -x c++ -fapple-kext -fno-rtti -fno-exceptions -fcheck-new -c src/Interrupts/HollywoodInterruptController.cpp -o build/src/Interrupts/HollywoodInterruptController.o
/usr/bin/g++ -fno-builtin -fno-common -mlong-branch -finline -fno-keep-inline-functions -fmessage-length=0  -force_cpusubtype_ALL -static -nostdlib -r -D__KERNEL__ -DKERNEL -DDEBUG -Wall -mmacosx-version-min=10.4 -I/System/Library/Frameworks/Kernel.framework/Headers -I/Developer/SDKs/MacOSX10.4u.sdk/usr/include -I../include -Isrc -Isrc/Interrupts -Isrc/IPC -Isrc/PE -DKPI_10_4_0_PPC_COMPAT=1 -DWII_TIGER_SDK=1 -DWII_TIGER_IOINTERRUPT_API=1 -x c++ -fapple-kext -fno-rtti -fno-exceptions -fcheck-new -c src/Interrupts/LatteInterruptController.cpp -o build/src/Interrupts/LatteInterruptController.o
/usr/bin/g++ -fno-builtin -fno-common -mlong-branch -finline -fno-keep-inline-functions -fmessage-length=0  -force_cpusubtype_ALL -static -nostdlib -r -D__KERNEL__ -DKERNEL -DDEBUG -Wall -mmacosx-version-min=10.4 -I/System/Library/Frameworks/Kernel.framework/Headers -I/Developer/SDKs/MacOSX10.4u.sdk/usr/include -I../include -Isrc -Isrc/Interrupts -Isrc/IPC -Isrc/PE -DKPI_10_4_0_PPC_COMPAT=1 -DWII_TIGER_SDK=1 -DWII_TIGER_IOINTERRUPT_API=1 -x c++ -fapple-kext -fno-rtti -fno-exceptions -fcheck-new -c src/Interrupts/WiiInterruptController.cpp -o build/src/Interrupts/WiiInterruptController.o
/usr/bin/g++ -fno-builtin -fno-common -mlong-branch -finline -fno-keep-inline-functions -fmessage-length=0  -force_cpusubtype_ALL -static -nostdlib -r -D__KERNEL__ -DKERNEL -DDEBUG -Wall -mmacosx-version-min=10.4 -I/System/Library/Frameworks/Kernel.framework/Headers -I/Developer/SDKs/MacOSX10.4u.sdk/usr/include -I../include -Isrc -Isrc/Interrupts -Isrc/IPC -Isrc/PE -DKPI_10_4_0_PPC_COMPAT=1 -DWII_TIGER_SDK=1 -DWII_TIGER_IOINTERRUPT_API=1 -x c++ -fapple-kext -fno-rtti -fno-exceptions -fcheck-new -c src/IPC/WiiIPC.cpp -o build/src/IPC/WiiIPC.o
/usr/bin/g++ -fno-builtin -fno-common -mlong-branch -finline -fno-keep-inline-functions -fmessage-length=0  -force_cpusubtype_ALL -static -nostdlib -r -D__KERNEL__ -DKERNEL -DDEBUG -Wall -mmacosx-version-min=10.4 -I/System/Library/Frameworks/Kernel.framework/Headers -I/Developer/SDKs/MacOSX10.4u.sdk/usr/include -I../include -Isrc -Isrc/Interrupts -Isrc/IPC -Isrc/PE -DKPI_10_4_0_PPC_COMPAT=1 -DWII_TIGER_SDK=1 -DWII_TIGER_IOINTERRUPT_API=1 -x c++ -fapple-kext -fno-rtti -fno-exceptions -fcheck-new -c src/PE/WiiPE.cpp -o build/src/PE/WiiPE.o
/usr/bin/g++ -fno-builtin -fno-common -mlong-branch -finline -fno-keep-inline-functions -fmessage-length=0  -force_cpusubtype_ALL -static -nostdlib -r -D__KERNEL__ -DKERNEL -DDEBUG -Wall -mmacosx-version-min=10.4 -I/System/Library/Frameworks/Kernel.framework/Headers -I/Developer/SDKs/MacOSX10.4u.sdk/usr/include -I../include -Isrc -Isrc/Interrupts -Isrc/IPC -Isrc/PE -DKPI_10_4_0_PPC_COMPAT=1 -DWII_TIGER_SDK=1 -DWII_TIGER_IOINTERRUPT_API=1 -x c++ -fapple-kext -fno-rtti -fno-exceptions -fcheck-new -c src/PE/WiiPE_Patcher.cpp -o build/src/PE/WiiPE_Patcher.o
/usr/bin/gcc  build/build/WiiPlatform-info.o build/src/Interrupts/HollywoodInterruptController.o build/src/Interrupts/LatteInterruptController.o build/src/Interrupts/WiiInterruptController.o build/src/IPC/WiiIPC.o build/src/PE/WiiPE.o build/src/PE/WiiPE_Patcher.o -fno-builtin -fno-common -mlong-branch -finline -fno-keep-inline-functions -fmessage-length=0  -force_cpusubtype_ALL -static -nostdlib -r -D__KERNEL__ -DKERNEL -DDEBUG -Wall -mmacosx-version-min=10.4 -I/System/Library/Frameworks/Kernel.framework/Headers -I/Developer/SDKs/MacOSX10.4u.sdk/usr/include -I../include -Isrc -Isrc/Interrupts -Isrc/IPC -Isrc/PE -DKPI_10_4_0_PPC_COMPAT=1 -DWII_TIGER_SDK=1 -DWII_TIGER_IOINTERRUPT_API=1 -o build/WiiPlatform
/usr/bin/gcc -fno-builtin -fno-common -mlong-branch -finline -fno-keep-inline-functions -fmessage-length=0  -force_cpusubtype_ALL -static -nostdlib -r -D__KERNEL__ -DKERNEL -DDEBUG -Wall -mmacosx-version-min=10.4 -I/System/Library/Frameworks/Kernel.framework/Headers -I/Developer/SDKs/MacOSX10.4u.sdk/usr/include -I../include -Isrc/BlockStorage -Isrc/SDHC -DKPI_10_4_0_PPC_COMPAT=1 -DWII_TIGER_SDK=1 -DWII_TIGER_IOINTERRUPT_API=1 -c build/WiiStorage-info.c -o build/build/WiiStorage-info.o
/usr/bin/g++ -fno-builtin -fno-common -mlong-branch -finline -fno-keep-inline-functions -fmessage-length=0  -force_cpusubtype_ALL -static -nostdlib -r -D__KERNEL__ -DKERNEL -DDEBUG -Wall -mmacosx-version-min=10.4 -I/System/Library/Frameworks/Kernel.framework/Headers -I/Developer/SDKs/MacOSX10.4u.sdk/usr/include -I../include -Isrc/BlockStorage -Isrc/SDHC -DKPI_10_4_0_PPC_COMPAT=1 -DWII_TIGER_SDK=1 -DWII_TIGER_IOINTERRUPT_API=1 -x c++ -fapple-kext -fno-rtti -fno-exceptions -fcheck-new -c src/BlockStorage/WiiSDBlockStorageDevice.cpp -o build/src/BlockStorage/WiiSDBlockStorageDevice.o
/usr/bin/g++ -fno-builtin -fno-common -mlong-branch -finline -fno-keep-inline-functions -fmessage-length=0  -force_cpusubtype_ALL -static -nostdlib -r -D__KERNEL__ -DKERNEL -DDEBUG -Wall -mmacosx-version-min=10.4 -I/System/Library/Frameworks/Kernel.framework/Headers -I/Developer/SDKs/MacOSX10.4u.sdk/usr/include -I../include -Isrc/BlockStorage -Isrc/SDHC -DKPI_10_4_0_PPC_COMPAT=1 -DWII_TIGER_SDK=1 -DWII_TIGER_IOINTERRUPT_API=1 -x c++ -fapple-kext -fno-rtti -fno-exceptions -fcheck-new -c src/SDHC/WiiSDCommand.cpp -o build/src/SDHC/WiiSDCommand.o
/usr/bin/g++ -fno-builtin -fno-common -mlong-branch -finline -fno-keep-inline-functions -fmessage-length=0  -force_cpusubtype_ALL -static -nostdlib -r -D__KERNEL__ -DKERNEL -DDEBUG -Wall -mmacosx-version-min=10.4 -I/System/Library/Frameworks/Kernel.framework/Headers -I/Developer/SDKs/MacOSX10.4u.sdk/usr/include -I../include -Isrc/BlockStorage -Isrc/SDHC -DKPI_10_4_0_PPC_COMPAT=1 -DWII_TIGER_SDK=1 -DWII_TIGER_IOINTERRUPT_API=1 -x c++ -fapple-kext -fno-rtti -fno-exceptions -fcheck-new -c src/SDHC/WiiSDHC.cpp -o build/src/SDHC/WiiSDHC.o
/usr/bin/g++ -fno-builtin -fno-common -mlong-branch -finline -fno-keep-inline-functions -fmessage-length=0  -force_cpusubtype_ALL -static -nostdlib -r -D__KERNEL__ -DKERNEL -DDEBUG -Wall -mmacosx-version-min=10.4 -I/System/Library/Frameworks/Kernel.framework/Headers -I/Developer/SDKs/MacOSX10.4u.sdk/usr/include -I../include -Isrc/BlockStorage -Isrc/SDHC -DKPI_10_4_0_PPC_COMPAT=1 -DWII_TIGER_SDK=1 -DWII_TIGER_IOINTERRUPT_API=1 -x c++ -fapple-kext -fno-rtti -fno-exceptions -fcheck-new -c src/SDHC/WiiSDHC_Card.cpp -o build/src/SDHC/WiiSDHC_Card.o
/usr/bin/g++ -fno-builtin -fno-common -mlong-branch -finline -fno-keep-inline-functions -fmessage-length=0  -force_cpusubtype_ALL -static -nostdlib -r -D__KERNEL__ -DKERNEL -DDEBUG -Wall -mmacosx-version-min=10.4 -I/System/Library/Frameworks/Kernel.framework/Headers -I/Developer/SDKs/MacOSX10.4u.sdk/usr/include -I../include -Isrc/BlockStorage -Isrc/SDHC -DKPI_10_4_0_PPC_COMPAT=1 -DWII_TIGER_SDK=1 -DWII_TIGER_IOINTERRUPT_API=1 -x c++ -fapple-kext -fno-rtti -fno-exceptions -fcheck-new -c src/SDHC/WiiSDHC_Commands.cpp -o build/src/SDHC/WiiSDHC_Commands.o
src/SDHC/WiiSDHC_Commands.cpp: In member function 'void WiiSDHC::doAsyncIO(UInt16, UInt16)':
src/SDHC/WiiSDHC_Commands.cpp:273: warning: comparison between signed and unsigned integer expressions
src/SDHC/WiiSDHC_Commands.cpp:433: warning: comparison between signed and unsigned integer expressions
src/SDHC/WiiSDHC_Commands.cpp:445: warning: comparison between signed and unsigned integer expressions
src/SDHC/WiiSDHC_Commands.cpp:229: warning: unused variable 'doubleBufferOffset'
src/SDHC/WiiSDHC_Commands.cpp: In member function 'IOReturn WiiSDHC::prepareDataTx()':
src/SDHC/WiiSDHC_Commands.cpp:478: warning: unused variable 'doubleBufferOffset'
/usr/bin/g++ -fno-builtin -fno-common -mlong-branch -finline -fno-keep-inline-functions -fmessage-length=0  -force_cpusubtype_ALL -static -nostdlib -r -D__KERNEL__ -DKERNEL -DDEBUG -Wall -mmacosx-version-min=10.4 -I/System/Library/Frameworks/Kernel.framework/Headers -I/Developer/SDKs/MacOSX10.4u.sdk/usr/include -I../include -Isrc/BlockStorage -Isrc/SDHC -DKPI_10_4_0_PPC_COMPAT=1 -DWII_TIGER_SDK=1 -DWII_TIGER_IOINTERRUPT_API=1 -x c++ -fapple-kext -fno-rtti -fno-exceptions -fcheck-new -c src/SDHC/WiiSDHC_Private.cpp -o build/src/SDHC/WiiSDHC_Private.o
src/SDHC/WiiSDHC_Private.cpp: In member function 'IOReturn WiiSDHC::initController()':
src/SDHC/WiiSDHC_Private.cpp:178: warning: passing negative value '-0x00000000000000001' for argument 2 to 'void WiiSDHC::writeReg16(UInt32, UInt16)'
src/SDHC/WiiSDHC_Private.cpp:179: warning: passing negative value '-0x00000000000000001' for argument 2 to 'void WiiSDHC::writeReg16(UInt32, UInt16)'
src/SDHC/WiiSDHC_Private.cpp:180: warning: passing negative value '-0x00000000000000001' for argument 2 to 'void WiiSDHC::writeReg16(UInt32, UInt16)'
src/SDHC/WiiSDHC_Private.cpp:181: warning: passing negative value '-0x00000000000000001' for argument 2 to 'void WiiSDHC::writeReg16(UInt32, UInt16)'
/usr/bin/gcc  build/build/WiiStorage-info.o build/src/BlockStorage/WiiSDBlockStorageDevice.o build/src/SDHC/WiiSDCommand.o build/src/SDHC/WiiSDHC.o build/src/SDHC/WiiSDHC_Card.o build/src/SDHC/WiiSDHC_Commands.o build/src/SDHC/WiiSDHC_Private.o -fno-builtin -fno-common -mlong-branch -finline -fno-keep-inline-functions -fmessage-length=0  -force_cpusubtype_ALL -static -nostdlib -r -D__KERNEL__ -DKERNEL -DDEBUG -Wall -mmacosx-version-min=10.4 -I/System/Library/Frameworks/Kernel.framework/Headers -I/Developer/SDKs/MacOSX10.4u.sdk/usr/include -I../include -Isrc/BlockStorage -Isrc/SDHC -DKPI_10_4_0_PPC_COMPAT=1 -DWII_TIGER_SDK=1 -DWII_TIGER_IOINTERRUPT_API=1 -o build/WiiStorage
/usr/bin/gcc -fno-builtin -fno-common -mlong-branch -finline -fno-keep-inline-functions -fmessage-length=0  -force_cpusubtype_ALL -static -nostdlib -r -D__KERNEL__ -DKERNEL -DDEBUG -Wall -mmacosx-version-min=10.4 -I/System/Library/Frameworks/Kernel.framework/Headers -I/Developer/SDKs/MacOSX10.4u.sdk/usr/include -I../include -Isrc/OHCI -Isrc/EHCI -DKPI_10_4_0_PPC_COMPAT=1 -DWII_TIGER_SDK=1 -DWII_TIGER_IOINTERRUPT_API=1 -c build/WiiUSB-info.c -o build/build/WiiUSB-info.o
/usr/bin/g++ -fno-builtin -fno-common -mlong-branch -finline -fno-keep-inline-functions -fmessage-length=0  -force_cpusubtype_ALL -static -nostdlib -r -D__KERNEL__ -DKERNEL -DDEBUG -Wall -mmacosx-version-min=10.4 -I/System/Library/Frameworks/Kernel.framework/Headers -I/Developer/SDKs/MacOSX10.4u.sdk/usr/include -I../include -Isrc/OHCI -Isrc/EHCI -DKPI_10_4_0_PPC_COMPAT=1 -DWII_TIGER_SDK=1 -DWII_TIGER_IOINTERRUPT_API=1 -x c++ -fapple-kext -fno-rtti -fno-exceptions -fcheck-new -c src/OHCI/WiiOHCI.cpp -o build/src/OHCI/WiiOHCI.o
src/OHCI/WiiOHCI.cpp: In member function 'virtual IOReturn WiiOHCI::UIMInitialize(IOService*)':
src/OHCI/WiiOHCI.cpp:408: warning: passing negative value '-0x00000000000000001' for argument 2 to 'void WiiOHCI::writeReg32(UInt32, UInt32)'
src/OHCI/WiiOHCI.cpp:409: warning: passing negative value '-0x00000000000000001' for argument 2 to 'void WiiOHCI::writeReg32(UInt32, UInt32)'
/usr/bin/g++ -fno-builtin -fno-common -mlong-branch -finline -fno-keep-inline-functions -fmessage-length=0  -force_cpusubtype_ALL -static -nostdlib -r -D__KERNEL__ -DKERNEL -DDEBUG -Wall -mmacosx-version-min=10.4 -I/System/Library/Frameworks/Kernel.framework/Headers -I/Developer/SDKs/MacOSX10.4u.sdk/usr/include -I../include -Isrc/OHCI -Isrc/EHCI -DKPI_10_4_0_PPC_COMPAT=1 -DWII_TIGER_SDK=1 -DWII_TIGER_IOINTERRUPT_API=1 -x c++ -fapple-kext -fno-rtti -fno-exceptions -fcheck-new -c src/OHCI/WiiOHCI_Buffers.cpp -o build/src/OHCI/WiiOHCI_Buffers.o
/usr/bin/g++ -fno-builtin -fno-common -mlong-branch -finline -fno-keep-inline-functions -fmessage-length=0  -force_cpusubtype_ALL -static -nostdlib -r -D__KERNEL__ -DKERNEL -DDEBUG -Wall -mmacosx-version-min=10.4 -I/System/Library/Frameworks/Kernel.framework/Headers -I/Developer/SDKs/MacOSX10.4u.sdk/usr/include -I../include -Isrc/OHCI -Isrc/EHCI -DKPI_10_4_0_PPC_COMPAT=1 -DWII_TIGER_SDK=1 -DWII_TIGER_IOINTERRUPT_API=1 -x c++ -fapple-kext -fno-rtti -fno-exceptions -fcheck-new -c src/OHCI/WiiOHCI_Descriptors.cpp -o build/src/OHCI/WiiOHCI_Descriptors.o
/usr/bin/g++ -fno-builtin -fno-common -mlong-branch -finline -fno-keep-inline-functions -fmessage-length=0  -force_cpusubtype_ALL -static -nostdlib -r -D__KERNEL__ -DKERNEL -DDEBUG -Wall -mmacosx-version-min=10.4 -I/System/Library/Frameworks/Kernel.framework/Headers -I/Developer/SDKs/MacOSX10.4u.sdk/usr/include -I../include -Isrc/OHCI -Isrc/EHCI -DKPI_10_4_0_PPC_COMPAT=1 -DWII_TIGER_SDK=1 -DWII_TIGER_IOINTERRUPT_API=1 -x c++ -fapple-kext -fno-rtti -fno-exceptions -fcheck-new -c src/OHCI/WiiOHCI_Interrupts.cpp -o build/src/OHCI/WiiOHCI_Interrupts.o
/usr/bin/g++ -fno-builtin -fno-common -mlong-branch -finline -fno-keep-inline-functions -fmessage-length=0  -force_cpusubtype_ALL -static -nostdlib -r -D__KERNEL__ -DKERNEL -DDEBUG -Wall -mmacosx-version-min=10.4 -I/System/Library/Frameworks/Kernel.framework/Headers -I/Developer/SDKs/MacOSX10.4u.sdk/usr/include -I../include -Isrc/OHCI -Isrc/EHCI -DKPI_10_4_0_PPC_COMPAT=1 -DWII_TIGER_SDK=1 -DWII_TIGER_IOINTERRUPT_API=1 -x c++ -fapple-kext -fno-rtti -fno-exceptions -fcheck-new -c src/OHCI/WiiOHCI_RootHub.cpp -o build/src/OHCI/WiiOHCI_RootHub.o
/usr/bin/g++ -fno-builtin -fno-common -mlong-branch -finline -fno-keep-inline-functions -fmessage-length=0  -force_cpusubtype_ALL -static -nostdlib -r -D__KERNEL__ -DKERNEL -DDEBUG -Wall -mmacosx-version-min=10.4 -I/System/Library/Frameworks/Kernel.framework/Headers -I/Developer/SDKs/MacOSX10.4u.sdk/usr/include -I../include -Isrc/OHCI -Isrc/EHCI -DKPI_10_4_0_PPC_COMPAT=1 -DWII_TIGER_SDK=1 -DWII_TIGER_IOINTERRUPT_API=1 -x c++ -fapple-kext -fno-rtti -fno-exceptions -fcheck-new -c src/OHCI/WiiOHCI_UIM.cpp -o build/src/OHCI/WiiOHCI_UIM.o
src/OHCI/WiiOHCI_UIM.cpp: In member function 'IOReturn WiiOHCI::doIsochTransfer(short int, short int, IOUSBIsocCompletion, UInt8, UInt64, IOMemoryDescriptor*, UInt32, IOUSBIsocFrame*, UInt32, bool)':
src/OHCI/WiiOHCI_UIM.cpp:318: warning: unused variable 'currPacketOffset'
src/OHCI/WiiOHCI_UIM.cpp: In member function 'void WiiOHCI::completeIsochTransfer(OHCITransferData*, IOReturn)':
src/OHCI/WiiOHCI_UIM.cpp:586: warning: unused variable 'bufferSizeRemaining'
/usr/bin/g++ -fno-builtin -fno-common -mlong-branch -finline -fno-keep-inline-functions -fmessage-length=0  -force_cpusubtype_ALL -static -nostdlib -r -D__KERNEL__ -DKERNEL -DDEBUG -Wall -mmacosx-version-min=10.4 -I/System/Library/Frameworks/Kernel.framework/Headers -I/Developer/SDKs/MacOSX10.4u.sdk/usr/include -I../include -Isrc/OHCI -Isrc/EHCI -DKPI_10_4_0_PPC_COMPAT=1 -DWII_TIGER_SDK=1 -DWII_TIGER_IOINTERRUPT_API=1 -x c++ -fapple-kext -fno-rtti -fno-exceptions -fcheck-new -c src/EHCI/WiiEHCI.cpp -o build/src/EHCI/WiiEHCI.o
/usr/bin/gcc  build/build/WiiUSB-info.o build/src/OHCI/WiiOHCI.o build/src/OHCI/WiiOHCI_Buffers.o build/src/OHCI/WiiOHCI_Descriptors.o build/src/OHCI/WiiOHCI_Interrupts.o build/src/OHCI/WiiOHCI_RootHub.o build/src/OHCI/WiiOHCI_UIM.o build/src/EHCI/WiiEHCI.o -fno-builtin -fno-common -mlong-branch -finline -fno-keep-inline-functions -fmessage-length=0  -force_cpusubtype_ALL -static -nostdlib -r -D__KERNEL__ -DKERNEL -DDEBUG -Wall -mmacosx-version-min=10.4 -I/System/Library/Frameworks/Kernel.framework/Headers -I/Developer/SDKs/MacOSX10.4u.sdk/usr/include -I../include -Isrc/OHCI -Isrc/EHCI -DKPI_10_4_0_PPC_COMPAT=1 -DWII_TIGER_SDK=1 -DWII_TIGER_IOINTERRUPT_API=1 -o build/WiiUSB
rm -rf build_pkg
mkdir -p build_pkg/Kexts/WiiAudio.kext && mkdir -p build_pkg/Kexts/WiiEXI.kext && mkdir -p build_pkg/Kexts/WiiGraphics.kext && mkdir -p build_pkg/Kexts/WiiPlatform.kext && mkdir -p build_pkg/Kexts/WiiStorage.kext && mkdir -p build_pkg/Kexts/WiiUSB.kext && true
cp -r WiiAudio/build_kext/WiiAudio.kext build_pkg/Kexts && cp -r WiiEXI/build_kext/WiiEXI.kext build_pkg/Kexts && cp -r WiiGraphics/build_kext/WiiGraphics.kext build_pkg/Kexts && cp -r WiiPlatform/build_kext/WiiPlatform.kext build_pkg/Kexts && cp -r WiiStorage/build_kext/WiiStorage.kext build_pkg/Kexts && cp -r WiiUSB/build_kext/WiiUSB.kext build_pkg/Kexts && true
kextcache -z -m Wii.mkext build_pkg/Kexts
warning: kernel extension /Users/admin/osxdrivers-build/build_pkg/Kexts/WiiAudio.kext is missing dependencies (including in cache anyway; dependencies may be available from elsewhere)
warning: kernel extension /Users/admin/osxdrivers-build/build_pkg/Kexts/WiiEXI.kext is missing dependencies (including in cache anyway; dependencies may be available from elsewhere)
warning: kernel extension /Users/admin/osxdrivers-build/build_pkg/Kexts/WiiGraphics.kext is missing dependencies (including in cache anyway; dependencies may be available from elsewhere)
warning: kernel extension /Users/admin/osxdrivers-build/build_pkg/Kexts/WiiPlatform.kext is missing dependencies (including in cache anyway; dependencies may be available from elsewhere)
warning: kernel extension /Users/admin/osxdrivers-build/build_pkg/Kexts/WiiStorage.kext is missing dependencies (including in cache anyway; dependencies may be available from elsewhere)
warning: kernel extension /Users/admin/osxdrivers-build/build_pkg/Kexts/WiiUSB.kext is missing dependencies (including in cache anyway; dependencies may be available from elsewhere)
cp Wii.mkext build_pkg
cd build_pkg; zip -qry ../Wiintosh-osx-drivers-0.5.1.zip *
